============================= test session starts ==============================
platform linux -- Python 3.11.15, pytest-9.0.3, pluggy-1.6.0 -- /home/user/research/tre-python-binding/.venv/bin/python
cachedir: .pytest_cache
rootdir: /home/user/research/tre-python-binding
configfile: pyproject.toml
collecting ... collected 22 items

tests/test_basic.py::test_compile_returns_pattern PASSED                 [  4%]
tests/test_basic.py::test_search_finds_match PASSED                      [  9%]
tests/test_basic.py::test_search_returns_none_when_no_match PASSED       [ 13%]
tests/test_basic.py::test_search_anchored PASSED                         [ 18%]
tests/test_basic.py::test_groups PASSED                                  [ 22%]
tests/test_basic.py::test_alternation PASSED                             [ 27%]
tests/test_basic.py::test_invalid_pattern_raises PASSED                  [ 31%]
tests/test_basic.py::test_unicode_pattern PASSED                         [ 36%]
tests/test_basic.py::test_quantifiers PASSED                             [ 40%]
tests/test_basic.py::test_case_insensitive PASSED                        [ 45%]
tests/test_redos.py::test_python_re_explodes[(a+)+$] PASSED              [ 50%]
tests/test_redos.py::test_python_re_explodes[(a*)*$] PASSED              [ 54%]
tests/test_redos.py::test_python_re_explodes[([a-zA-Z]+)*$] PASSED       [ 59%]
tests/test_redos.py::test_python_re_explodes[(x+x+)+$] PASSED            [ 63%]
tests/test_redos.py::test_tre_handles_evil_pattern_within_budget[(a+)+$] PASSED [ 68%]
tests/test_redos.py::test_tre_handles_evil_pattern_within_budget[(a*)*$] PASSED [ 72%]
tests/test_redos.py::test_tre_handles_evil_pattern_within_budget[([a-zA-Z]+)*$] PASSED [ 77%]
tests/test_redos.py::test_tre_handles_evil_pattern_within_budget[(x+x+)+$] PASSED [ 81%]
tests/test_redos.py::test_tre_scales_subexponentially PASSED             [ 86%]
tests/test_redos.py::test_tre_match_is_memory_bounded PASSED             [ 90%]
tests/test_redos.py::test_match_with_deadline_returns_in_time PASSED     [ 95%]
tests/test_redos.py::test_match_with_deadline_raises_on_timeout PASSED   [100%]

============================== 22 passed in 3.38s ==============================
